TN:
SF:bin/ncm-cli.js
FN:5,handleError
FN:28,main
FNF:2
FNH:1
FNDA:0,handleError
FNDA:27,main
DA:1,27
DA:2,27
DA:3,27
DA:4,27
DA:5,0
DA:6,0
DA:7,0
DA:8,0
DA:9,27
DA:10,27
DA:11,27
DA:12,27
DA:13,27
DA:14,27
DA:15,27
DA:16,27
DA:17,27
DA:18,27
DA:19,27
DA:20,27
DA:21,27
DA:22,27
DA:23,27
DA:24,27
DA:25,27
DA:26,27
DA:27,27
DA:28,27
DA:29,27
DA:30,27
DA:31,27
DA:32,27
DA:33,27
DA:34,27
DA:35,27
DA:36,27
DA:37,27
DA:38,27
DA:39,27
DA:40,27
DA:41,27
DA:42,27
DA:43,27
DA:44,27
DA:45,27
DA:46,0
DA:47,0
DA:48,27
DA:49,27
DA:50,27
DA:51,0
DA:52,0
DA:53,27
DA:54,27
DA:55,0
DA:56,0
DA:57,0
DA:58,27
DA:59,27
DA:60,27
DA:61,27
DA:62,27
DA:63,27
DA:64,27
DA:65,0
DA:66,0
DA:67,27
DA:68,27
LF:68
LH:55
BRDA:1,0,0,27
BRDA:28,1,0,27
BRDA:45,2,0,19
BRDA:45,3,0,0
BRDA:50,4,0,0
BRDA:54,5,0,0
BRF:6
BRH:3
end_of_record
TN:
SF:lib/client-request.js
FN:22,ClientRequestExtended
FN:78,DoRequest
FNF:2
FNH:2
FNDA:71,ClientRequestExtended
FNDA:70,DoRequest
DA:1,32
DA:2,32
DA:3,32
DA:4,32
DA:5,32
DA:6,32
DA:7,32
DA:8,32
DA:9,32
DA:10,32
DA:11,32
DA:12,32
DA:13,32
DA:14,32
DA:15,32
DA:16,32
DA:17,32
DA:18,32
DA:19,32
DA:20,32
DA:21,32
DA:22,71
DA:23,71
DA:24,71
DA:25,71
DA:26,71
DA:27,71
DA:28,1
DA:29,1
DA:30,70
DA:31,70
DA:32,70
DA:33,70
DA:34,70
DA:35,70
DA:36,70
DA:37,70
DA:38,70
DA:39,0
DA:40,0
DA:41,0
DA:42,70
DA:43,70
DA:44,70
DA:45,70
DA:46,0
DA:47,0
DA:48,71
DA:49,71
DA:50,71
DA:51,71
DA:52,0
DA:53,0
DA:54,0
DA:55,70
DA:56,70
DA:57,71
DA:58,0
DA:59,0
DA:60,0
DA:61,0
DA:62,0
DA:63,0
DA:64,0
DA:65,0
DA:66,0
DA:67,0
DA:68,0
DA:69,0
DA:70,0
DA:71,0
DA:72,0
DA:73,0
DA:74,70
DA:75,70
DA:76,71
DA:77,32
DA:78,70
DA:79,70
DA:80,70
DA:81,70
DA:82,70
DA:83,0
DA:84,0
DA:85,0
DA:86,0
DA:87,0
DA:88,0
DA:89,0
DA:90,0
DA:91,0
DA:92,0
DA:93,0
DA:94,0
DA:95,70
DA:96,70
DA:97,70
LF:97
LH:61
BRDA:1,0,0,32
BRDA:22,1,0,71
BRDA:27,2,0,1
BRDA:30,3,0,70
BRDA:38,4,0,0
BRDA:45,5,0,0
BRDA:51,6,0,70
BRDA:51,7,0,0
BRDA:57,8,0,68
BRDA:57,9,0,70
BRDA:57,10,0,0
BRDA:78,11,0,70
BRDA:82,12,0,0
BRF:13
BRH:8
end_of_record
TN:
SF:lib/config.js
FN:33,validateState
FN:39,setValue
FN:48,getValue
FN:58,delValue
FN:69,popValue
FN:81,resetState
FN:89,setTokens
FN:96,getTokens
FNF:8
FNH:4
FNDA:138,validateState
FNDA:10,setValue
FNDA:59,getValue
FNDA:0,delValue
FNDA:0,popValue
FNDA:0,resetState
FNDA:0,setTokens
FNDA:69,getTokens
DA:1,32
DA:2,32
DA:3,32
DA:4,32
DA:5,32
DA:6,32
DA:7,32
DA:8,32
DA:9,32
DA:10,32
DA:11,32
DA:12,32
DA:13,32
DA:14,32
DA:15,32
DA:16,32
DA:17,32
DA:18,32
DA:19,32
DA:20,32
DA:21,32
DA:22,32
DA:23,32
DA:24,32
DA:25,32
DA:26,32
DA:27,32
DA:28,32
DA:29,32
DA:30,32
DA:31,32
DA:32,32
DA:33,32
DA:34,138
DA:35,1242
DA:36,1242
DA:37,138
DA:38,32
DA:39,10
DA:40,10
DA:41,10
DA:42,10
DA:43,0
DA:44,0
DA:45,10
DA:46,10
DA:47,32
DA:48,59
DA:49,59
DA:50,59
DA:51,59
DA:52,0
DA:53,0
DA:54,59
DA:55,59
DA:56,59
DA:57,32
DA:58,0
DA:59,0
DA:60,0
DA:61,0
DA:62,0
DA:63,0
DA:64,0
DA:65,0
DA:66,0
DA:67,32
DA:68,32
DA:69,0
DA:70,0
DA:71,0
DA:72,0
DA:73,0
DA:74,0
DA:75,0
DA:76,0
DA:77,0
DA:78,0
DA:79,0
DA:80,32
DA:81,0
DA:82,0
DA:83,0
DA:84,0
DA:85,0
DA:86,0
DA:87,0
DA:88,32
DA:89,0
DA:90,0
DA:91,0
DA:92,0
DA:93,0
DA:94,0
DA:95,32
DA:96,69
DA:97,69
DA:98,69
DA:99,69
DA:100,69
DA:101,69
DA:102,69
DA:103,69
LF:103
LH:66
BRDA:1,0,0,32
BRDA:7,1,0,6
BRDA:33,2,0,138
BRDA:34,3,0,1242
BRDA:35,4,0,9
BRDA:39,5,0,10
BRDA:42,6,0,0
BRDA:48,7,0,59
BRDA:51,8,0,0
BRDA:96,9,0,69
BRDA:100,10,0,0
BRF:11
BRH:8
end_of_record
TN:
SF:lib/help.js
FN:13,helpHeader
FNF:1
FNH:0
FNDA:0,helpHeader
DA:1,27
DA:2,27
DA:3,27
DA:4,27
DA:5,27
DA:6,27
DA:7,27
DA:8,27
DA:9,27
DA:10,27
DA:11,27
DA:12,27
DA:13,0
DA:14,0
DA:15,0
DA:16,0
DA:17,0
DA:18,0
DA:19,0
DA:20,0
LF:20
LH:12
BRDA:1,0,0,27
BRF:1
BRH:1
end_of_record
TN:
SF:lib/ncm-analyze-tree.js
FN:7,analyze
FN:12,onPkgs
FN:13,filter
FN:31,filterPkgs
FN:45,id
FN:47,readUniversalTree
FN:51,walk
FN:78,fetchData
FN:111,splitSet
FNF:9
FNH:9
FNDA:17,analyze
FNDA:17,onPkgs
FNDA:596,filter
FNDA:17,filterPkgs
FNDA:1224,id
FNDA:17,readUniversalTree
FNDA:612,walk
FNDA:17,fetchData
FNDA:34,splitSet
DA:1,27
DA:2,27
DA:3,27
DA:4,27
DA:5,27
DA:6,27
DA:7,27
DA:8,17
DA:9,17
DA:10,17
DA:11,17
DA:12,17
DA:13,17
DA:14,17
DA:15,17
DA:16,17
DA:17,17
DA:18,17
DA:19,17
DA:20,17
DA:21,17
DA:22,17
DA:23,17
DA:24,596
DA:25,596
DA:26,17
DA:27,17
DA:28,17
DA:29,17
DA:30,27
DA:31,27
DA:32,17
DA:33,17
DA:34,596
DA:35,596
DA:36,596
DA:37,596
DA:38,596
DA:39,17
DA:40,17
DA:41,17
DA:42,17
DA:43,17
DA:44,27
DA:45,27
DA:46,27
DA:47,27
DA:48,17
DA:49,17
DA:50,17
DA:51,17
DA:52,612
DA:53,612
DA:54,16
DA:55,16
DA:56,612
DA:57,596
DA:58,596
DA:59,596
DA:60,596
DA:61,596
DA:62,596
DA:63,596
DA:64,530
DA:65,530
DA:66,596
DA:67,612
DA:68,17
DA:69,17
DA:70,82
DA:71,82
DA:72,17
DA:73,17
DA:74,17
DA:75,17
DA:76,17
DA:77,27
DA:78,27
DA:79,17
DA:80,17
DA:81,17
DA:82,17
DA:83,17
DA:84,17
DA:85,17
DA:86,17
DA:87,17
DA:88,17
DA:89,17
DA:90,17
DA:91,17
DA:92,17
DA:93,17
DA:94,17
DA:95,17
DA:96,17
DA:97,17
DA:98,17
DA:99,17
DA:100,17
DA:101,17
DA:102,17
DA:103,17
DA:104,17
DA:105,596
DA:106,596
DA:107,596
DA:108,17
DA:109,17
DA:110,27
DA:111,27
DA:112,34
DA:113,34
DA:114,34
DA:115,613
DA:116,613
DA:117,613
DA:118,0
DA:119,0
DA:120,0
DA:121,613
DA:122,34
DA:123,34
DA:124,34
DA:125,27
DA:126,27
LF:126
LH:123
BRDA:1,0,0,27
BRDA:7,1,0,17
BRDA:12,2,0,17
BRDA:13,3,0,596
BRDA:22,4,0,17
BRDA:23,5,0,596
BRDA:31,6,0,17
BRDA:33,7,0,596
BRDA:41,8,0,596
BRDA:45,9,0,1224
BRDA:47,10,0,17
BRDA:69,11,0,82
BRDA:74,12,0,596
BRDA:51,13,0,612
BRDA:53,14,0,16
BRDA:56,15,0,596
BRDA:63,16,0,530
BRDA:78,17,0,17
BRDA:104,18,0,596
BRDA:99,19,0,596
BRDA:111,20,0,34
BRDA:114,21,0,613
BRDA:115,22,0,34
BRDA:117,23,0,0
BRF:24
BRH:23
end_of_record
TN:
SF:lib/ncm-style.js
FN:37,header
FN:46,line
FN:50,failure
FN:54,success
FN:58,action
FN:62,prompt
FN:66,tooltip
FN:70,divider
FN:74,box
FN:83,boxbox
FN:91,rawBox
FN:99,formatError
FNF:12
FNH:8
FNDA:26,header
FNDA:5,line
FNDA:0,failure
FNDA:3,success
FNDA:0,action
FNDA:0,prompt
FNDA:39,tooltip
FNDA:68,divider
FNDA:0,box
FNDA:11,boxbox
FNDA:1,rawBox
FNDA:1,formatError
DA:1,32
DA:2,32
DA:3,32
DA:4,32
DA:5,32
DA:6,32
DA:7,32
DA:8,32
DA:9,32
DA:10,32
DA:11,32
DA:12,32
DA:13,32
DA:14,32
DA:15,32
DA:16,32
DA:17,32
DA:18,32
DA:19,32
DA:20,32
DA:21,32
DA:22,32
DA:23,32
DA:24,32
DA:25,32
DA:26,32
DA:27,32
DA:28,32
DA:29,32
DA:30,32
DA:31,32
DA:32,32
DA:33,32
DA:34,32
DA:35,32
DA:36,32
DA:37,26
DA:38,26
DA:39,26
DA:40,26
DA:41,26
DA:42,26
DA:43,26
DA:44,26
DA:45,32
DA:46,5
DA:47,5
DA:48,5
DA:49,32
DA:50,0
DA:51,0
DA:52,0
DA:53,32
DA:54,3
DA:55,3
DA:56,3
DA:57,32
DA:58,0
DA:59,0
DA:60,0
DA:61,32
DA:62,0
DA:63,0
DA:64,0
DA:65,32
DA:66,39
DA:67,39
DA:68,39
DA:69,32
DA:70,68
DA:71,68
DA:72,68
DA:73,32
DA:74,0
DA:75,0
DA:76,0
DA:77,0
DA:78,0
DA:79,0
DA:80,0
DA:81,0
DA:82,32
DA:83,11
DA:84,11
DA:85,11
DA:86,11
DA:87,11
DA:88,11
DA:89,11
DA:90,32
DA:91,1
DA:92,1
DA:93,1
DA:94,1
DA:95,1
DA:96,1
DA:97,1
DA:98,32
DA:99,1
DA:100,1
DA:101,1
DA:102,1
DA:103,0
DA:104,1
DA:105,1
DA:106,1
DA:107,1
DA:108,1
DA:109,1
DA:110,1
DA:111,1
DA:112,1
DA:113,1
DA:114,1
DA:115,1
LF:115
LH:97
BRDA:1,0,0,32
BRDA:37,1,0,26
BRDA:46,2,0,5
BRDA:54,3,0,3
BRDA:66,4,0,39
BRDA:70,5,0,68
BRDA:83,6,0,11
BRDA:85,7,0,8
BRDA:87,8,0,8
BRDA:91,9,0,1
BRDA:99,10,0,1
BRDA:102,11,0,0
BRDA:110,12,0,0
BRF:13
BRH:11
end_of_record
TN:
SF:lib/util.js
FN:25,formatAPIURL
FN:32,graphql
FN:41,apiRequest
FN:68,refreshSession
FN:100,queryReadline
FN:116,queryReadlineHidden
FN:154,reversedSplit
FN:158,reverseStr
FNF:8
FNH:5
FNDA:69,formatAPIURL
FNDA:37,graphql
FNDA:69,apiRequest
FNDA:0,refreshSession
FNDA:0,queryReadline
FNDA:0,queryReadlineHidden
FNDA:27,reversedSplit
FNDA:81,reverseStr
DA:1,32
DA:2,32
DA:3,32
DA:4,32
DA:5,32
DA:6,32
DA:7,32
DA:8,32
DA:9,32
DA:10,32
DA:11,32
DA:12,32
DA:13,32
DA:14,32
DA:15,32
DA:16,32
DA:17,32
DA:18,32
DA:19,32
DA:20,32
DA:21,32
DA:22,32
DA:23,32
DA:24,32
DA:25,69
DA:26,69
DA:27,69
DA:28,69
DA:29,69
DA:30,69
DA:31,32
DA:32,37
DA:33,37
DA:34,37
DA:35,37
DA:36,37
DA:37,37
DA:38,37
DA:39,37
DA:40,32
DA:41,69
DA:42,69
DA:43,69
DA:44,69
DA:45,69
DA:46,69
DA:47,69
DA:48,69
DA:49,69
DA:50,69
DA:51,69
DA:52,69
DA:53,69
DA:54,69
DA:55,69
DA:56,68
DA:57,69
DA:58,1
DA:59,0
DA:60,1
DA:61,1
DA:62,1
DA:63,1
DA:64,69
DA:65,68
DA:66,69
DA:67,32
DA:68,0
DA:69,0
DA:70,0
DA:71,0
DA:72,0
DA:73,0
DA:74,0
DA:75,0
DA:76,0
DA:77,0
DA:78,0
DA:79,0
DA:80,0
DA:81,0
DA:82,0
DA:83,0
DA:84,0
DA:85,0
DA:86,0
DA:87,0
DA:88,0
DA:89,0
DA:90,0
DA:91,0
DA:92,0
DA:93,0
DA:94,0
DA:95,0
DA:96,0
DA:97,0
DA:98,0
DA:99,32
DA:100,0
DA:101,0
DA:102,0
DA:103,0
DA:104,0
DA:105,0
DA:106,0
DA:107,0
DA:108,0
DA:109,0
DA:110,0
DA:111,0
DA:112,0
DA:113,0
DA:114,32
DA:115,32
DA:116,0
DA:117,0
DA:118,0
DA:119,0
DA:120,0
DA:121,0
DA:122,0
DA:123,0
DA:124,0
DA:125,0
DA:126,0
DA:127,0
DA:128,0
DA:129,0
DA:130,0
DA:131,0
DA:132,0
DA:133,0
DA:134,0
DA:135,0
DA:136,0
DA:137,0
DA:138,0
DA:139,0
DA:140,0
DA:141,0
DA:142,0
DA:143,0
DA:144,0
DA:145,0
DA:146,0
DA:147,0
DA:148,0
DA:149,0
DA:150,0
DA:151,0
DA:152,32
DA:153,32
DA:154,27
DA:155,27
DA:156,27
DA:157,32
DA:158,81
DA:159,81
DA:160,81
LF:160
LH:78
BRDA:1,0,0,32
BRDA:25,1,0,69
BRDA:32,2,0,37
BRDA:41,3,0,69
BRDA:56,4,0,68
BRDA:57,5,0,1
BRDA:58,6,0,0
BRDA:65,7,0,68
BRDA:154,8,0,27
BRDA:158,9,0,81
BRF:10
BRH:9
end_of_record
TN:
SF:lib/report/github-action.js
FN:7,GitHubActionCheck
FN:110,updateCheck
FN:115,logUpdateCheck
FN:141,getLineNumber
FNF:4
FNH:1
FNDA:0,GitHubActionCheck
FNDA:1,updateCheck
FNDA:0,logUpdateCheck
FNDA:0,getLineNumber
DA:1,28
DA:2,28
DA:3,28
DA:4,28
DA:5,28
DA:6,28
DA:7,0
DA:8,0
DA:9,0
DA:10,0
DA:11,0
DA:12,0
DA:13,0
DA:14,0
DA:15,0
DA:16,0
DA:17,0
DA:18,0
DA:19,0
DA:20,0
DA:21,0
DA:22,0
DA:23,0
DA:24,0
DA:25,0
DA:26,0
DA:27,0
DA:28,0
DA:29,0
DA:30,0
DA:31,0
DA:32,0
DA:33,0
DA:34,0
DA:35,0
DA:36,0
DA:37,0
DA:38,0
DA:39,0
DA:40,0
DA:41,0
DA:42,0
DA:43,0
DA:44,0
DA:45,0
DA:46,0
DA:47,0
DA:48,0
DA:49,0
DA:50,0
DA:51,0
DA:52,0
DA:53,0
DA:54,0
DA:55,0
DA:56,0
DA:57,0
DA:58,0
DA:59,0
DA:60,0
DA:61,0
DA:62,0
DA:63,0
DA:64,0
DA:65,0
DA:66,0
DA:67,0
DA:68,0
DA:69,0
DA:70,0
DA:71,0
DA:72,0
DA:73,0
DA:74,0
DA:75,0
DA:76,0
DA:77,0
DA:78,0
DA:79,0
DA:80,0
DA:81,0
DA:82,0
DA:83,0
DA:84,0
DA:85,0
DA:86,0
DA:87,0
DA:88,0
DA:89,0
DA:90,0
DA:91,0
DA:92,0
DA:93,0
DA:94,0
DA:95,0
DA:96,0
DA:97,0
DA:98,0
DA:99,0
DA:100,0
DA:101,0
DA:102,0
DA:103,0
DA:104,0
DA:105,0
DA:106,0
DA:107,28
DA:108,28
DA:109,28
DA:110,1
DA:111,1
DA:112,1
DA:113,1
DA:114,1
DA:115,1
DA:116,0
DA:117,1
DA:118,1
DA:119,1
DA:120,1
DA:121,1
DA:122,1
DA:123,1
DA:124,1
DA:125,1
DA:126,1
DA:127,1
DA:128,1
DA:129,1
DA:130,1
DA:131,1
DA:132,1
DA:133,1
DA:134,0
DA:135,0
DA:136,1
DA:137,1
DA:138,28
DA:139,28
DA:140,28
DA:141,0
DA:142,0
DA:143,0
DA:144,0
DA:145,0
DA:146,0
DA:147,0
DA:148,0
DA:149,0
DA:150,0
DA:151,0
DA:152,0
LF:152
LH:37
BRDA:1,0,0,28
BRDA:110,1,0,1
BRDA:118,2,0,0
BRDA:133,3,0,0
BRF:4
BRH:2
end_of_record
TN:
SF:lib/report/long.js
FN:8,longReport
FNF:1
FNH:1
FNDA:2,longReport
DA:1,27
DA:2,27
DA:3,27
DA:4,27
DA:5,27
DA:6,27
DA:7,27
DA:8,2
DA:9,2
DA:10,2
DA:11,2
DA:12,1
DA:13,1
DA:14,1
DA:15,1
DA:16,1
DA:17,1
DA:18,2
LF:18
LH:18
BRDA:1,0,0,27
BRDA:8,1,0,2
BRDA:11,2,0,1
BRF:3
BRH:3
end_of_record
TN:
SF:lib/report/module.js
FN:19,moduleReport
FN:198,severityTextLabel
FN:209,lineWrap
FNF:3
FNH:3
FNDA:3,moduleReport
FNDA:1,severityTextLabel
FNDA:9,lineWrap
DA:1,27
DA:2,27
DA:3,27
DA:4,27
DA:5,27
DA:6,27
DA:7,27
DA:8,27
DA:9,27
DA:10,27
DA:11,27
DA:12,27
DA:13,27
DA:14,27
DA:15,27
DA:16,27
DA:17,27
DA:18,27
DA:19,3
DA:20,3
DA:21,3
DA:22,3
DA:23,3
DA:24,3
DA:25,3
DA:26,3
DA:27,51
DA:28,51
DA:29,1
DA:30,1
DA:31,51
DA:32,51
DA:33,7
DA:34,7
DA:35,51
DA:36,51
DA:37,0
DA:38,0
DA:39,51
DA:40,3
DA:41,3
DA:42,0
DA:43,0
DA:44,0
DA:45,3
DA:46,3
DA:47,3
DA:48,3
DA:49,3
DA:50,3
DA:51,3
DA:52,3
DA:53,3
DA:54,3
DA:55,3
DA:56,3
DA:57,3
DA:58,3
DA:59,3
DA:60,3
DA:61,3
DA:62,3
DA:63,3
DA:64,3
DA:65,3
DA:66,3
DA:67,3
DA:68,3
DA:69,3
DA:70,3
DA:71,3
DA:72,3
DA:73,3
DA:74,0
DA:75,0
DA:76,0
DA:77,0
DA:78,0
DA:79,0
DA:80,0
DA:81,0
DA:82,0
DA:83,0
DA:84,3
DA:85,3
DA:86,3
DA:87,3
DA:88,3
DA:89,3
DA:90,3
DA:91,3
DA:92,3
DA:93,3
DA:94,3
DA:95,3
DA:96,3
DA:97,1
DA:98,3
DA:99,2
DA:100,2
DA:101,2
DA:102,2
DA:103,2
DA:104,2
DA:105,3
DA:106,3
DA:107,3
DA:108,3
DA:109,3
DA:110,1
DA:111,1
DA:112,1
DA:113,1
DA:114,1
DA:115,1
DA:116,1
DA:117,1
DA:118,1
DA:119,1
DA:120,1
DA:121,1
DA:122,1
DA:123,1
DA:124,1
DA:125,1
DA:126,0
DA:127,0
DA:128,0
DA:129,1
DA:130,1
DA:131,1
DA:132,1
DA:133,0
DA:134,0
DA:135,1
DA:136,3
DA:137,2
DA:138,2
DA:139,3
DA:140,3
DA:141,3
DA:142,3
DA:143,3
DA:144,3
DA:145,7
DA:146,3
DA:147,3
DA:148,7
DA:149,7
DA:150,7
DA:151,7
DA:152,7
DA:153,7
DA:154,7
DA:155,7
DA:156,7
DA:157,7
DA:158,0
DA:159,0
DA:160,0
DA:161,7
DA:162,7
DA:163,3
DA:164,7
DA:165,4
DA:166,4
DA:167,3
DA:168,3
DA:169,0
DA:170,0
DA:171,3
DA:172,1
DA:173,1
DA:174,1
DA:175,1
DA:176,1
DA:177,1
DA:178,1
DA:179,1
DA:180,1
DA:181,1
DA:182,1
DA:183,1
DA:184,1
DA:185,1
DA:186,1
DA:187,1
DA:188,1
DA:189,1
DA:190,1
DA:191,0
DA:192,0
DA:193,1
DA:194,1
DA:195,3
DA:196,3
DA:197,27
DA:198,1
DA:199,1
DA:200,1
DA:201,1
DA:202,1
DA:203,1
DA:204,1
DA:205,1
DA:206,1
DA:207,1
DA:208,27
DA:209,9
DA:210,9
DA:211,9
DA:212,9
DA:213,9
DA:214,58
DA:215,0
DA:216,0
DA:217,58
DA:218,58
DA:219,58
DA:220,9
DA:221,9
LF:221
LH:192
BRDA:1,0,0,27
BRDA:19,1,0,3
BRDA:26,2,0,51
BRDA:27,3,0,27
BRDA:28,4,0,1
BRDA:31,5,0,21
BRDA:32,6,0,7
BRDA:35,7,0,0
BRDA:36,8,0,0
BRDA:73,9,0,0
BRDA:95,10,0,0
BRDA:96,11,0,1
BRDA:98,12,0,2
BRDA:109,13,0,1
BRDA:136,14,0,2
BRDA:168,15,0,0
BRDA:171,16,0,1
BRDA:47,17,0,12
BRDA:110,18,0,1
BRDA:125,19,0,0
BRDA:132,20,0,0
BRDA:144,21,0,7
BRDA:145,22,0,3
BRDA:157,23,0,0
BRDA:162,24,0,3
BRDA:164,25,0,4
BRDA:175,26,0,1
BRDA:190,27,0,0
BRDA:198,28,0,1
BRDA:209,29,0,9
BRDA:213,30,0,58
BRDA:214,31,0,0
BRDA:217,32,0,9
BRDA:217,33,0,0
BRDA:220,34,0,9
BRF:35
BRH:24
end_of_record
TN:
SF:lib/report/score.js
FN:26,calcSev
FN:43,score
FNF:2
FNH:2
FNDA:5700,calcSev
FNDA:598,score
DA:1,27
DA:2,27
DA:3,27
DA:4,27
DA:5,27
DA:6,27
DA:7,27
DA:8,27
DA:9,27
DA:10,27
DA:11,27
DA:12,27
DA:13,27
DA:14,27
DA:15,27
DA:16,27
DA:17,27
DA:18,27
DA:19,27
DA:20,27
DA:21,27
DA:22,27
DA:23,27
DA:24,27
DA:25,27
DA:26,5700
DA:27,5700
DA:28,5700
DA:29,5166
DA:30,5700
DA:31,340
DA:32,5700
DA:33,162
DA:34,5700
DA:35,32
DA:36,5700
DA:37,0
DA:38,5700
DA:39,0
DA:40,5700
DA:41,5700
DA:42,27
DA:43,598
DA:44,598
DA:45,565
DA:46,565
DA:47,565
DA:48,9638
DA:49,9638
DA:50,50
DA:51,50
DA:52,50
DA:53,9638
DA:54,5085
DA:55,5085
DA:56,9638
DA:57,565
DA:58,565
DA:59,9638
DA:60,9638
DA:61,9638
DA:62,9638
DA:63,9638
DA:64,534
DA:65,534
DA:66,565
DA:67,565
DA:68,565
DA:69,598
DA:70,27
DA:71,27
LF:71
LH:69
BRDA:1,0,0,27
BRDA:26,1,0,5700
BRDA:28,2,0,5166
BRDA:30,3,0,340
BRDA:32,4,0,162
BRDA:34,5,0,32
BRDA:36,6,0,0
BRDA:38,7,0,0
BRDA:43,8,0,598
BRDA:44,9,0,33
BRDA:45,10,0,565
BRDA:47,11,0,9638
BRDA:49,12,0,50
BRDA:53,13,0,5085
BRDA:56,14,0,565
BRDA:63,15,0,1485
BRDA:63,16,0,534
BRDA:64,17,0,50
BRF:18
BRH:16
end_of_record
TN:
SF:lib/report/short.js
FN:15,shortReport
FN:90,formatFilterOptions
FNF:2
FNH:2
FNDA:15,shortReport
FNDA:14,formatFilterOptions
DA:1,27
DA:2,27
DA:3,27
DA:4,27
DA:5,27
DA:6,27
DA:7,27
DA:8,27
DA:9,27
DA:10,27
DA:11,27
DA:12,27
DA:13,27
DA:14,27
DA:15,15
DA:16,15
DA:17,15
DA:18,15
DA:19,15
DA:20,15
DA:21,10
DA:22,10
DA:23,10
DA:24,10
DA:25,1
DA:26,1
DA:27,10
DA:28,2
DA:29,2
DA:30,10
DA:31,0
DA:32,0
DA:33,10
DA:34,4
DA:35,4
DA:36,10
DA:37,2
DA:38,2
DA:39,10
DA:40,2
DA:41,2
DA:42,10
DA:43,15
DA:44,15
DA:45,15
DA:46,15
DA:47,15
DA:48,15
DA:49,15
DA:50,15
DA:51,15
DA:52,15
DA:53,15
DA:54,15
DA:55,15
DA:56,15
DA:57,15
DA:58,15
DA:59,15
DA:60,15
DA:61,540
DA:62,15
DA:63,15
DA:64,15
DA:65,14
DA:66,14
DA:67,14
DA:68,14
DA:69,14
DA:70,14
DA:71,14
DA:72,14
DA:73,14
DA:74,14
DA:75,14
DA:76,14
DA:77,14
DA:78,14
DA:79,0
DA:80,0
DA:81,0
DA:82,0
DA:83,0
DA:84,0
DA:85,15
DA:86,1
DA:87,1
DA:88,15
DA:89,27
DA:90,14
DA:91,14
DA:92,14
DA:93,3
DA:94,3
DA:95,14
DA:96,9
DA:97,9
DA:98,14
DA:99,8
DA:100,8
DA:101,14
DA:102,14
DA:103,14
DA:104,14
DA:105,14
LF:105
LH:97
BRDA:1,0,0,27
BRDA:15,1,0,15
BRDA:16,2,0,0
BRDA:17,3,0,0
BRDA:20,4,0,10
BRDA:24,5,0,1
BRDA:27,6,0,2
BRDA:30,7,0,0
BRDA:33,8,0,9
BRDA:33,9,0,4
BRDA:36,10,0,9
BRDA:36,11,0,2
BRDA:39,12,0,9
BRDA:39,13,0,2
BRDA:50,14,0,0
BRDA:64,15,0,12
BRDA:64,16,0,3
BRDA:64,17,0,14
BRDA:78,18,0,0
BRDA:85,19,0,1
BRDA:22,20,0,11
BRDA:60,21,0,540
BRDA:85,22,0,4
BRDA:90,23,0,14
BRDA:92,24,0,3
BRDA:95,25,0,9
BRDA:98,26,0,8
BRF:27
BRH:22
end_of_record
TN:
SF:lib/report/summary.js
FN:15,summary
FNF:1
FNH:1
FNDA:17,summary
DA:1,27
DA:2,27
DA:3,27
DA:4,27
DA:5,27
DA:6,27
DA:7,27
DA:8,27
DA:9,27
DA:10,27
DA:11,27
DA:12,27
DA:13,27
DA:14,27
DA:15,17
DA:16,17
DA:17,17
DA:18,17
DA:19,17
DA:20,17
DA:21,17
DA:22,17
DA:23,17
DA:24,17
DA:25,17
DA:26,17
DA:27,17
DA:28,579
DA:29,579
DA:30,579
DA:31,9874
DA:32,9874
DA:33,9874
DA:34,48
DA:35,48
DA:36,48
DA:37,5838
DA:38,9874
DA:39,9874
DA:40,579
DA:41,579
DA:42,579
DA:43,579
DA:44,17
DA:45,17
DA:46,17
DA:47,17
DA:48,17
DA:49,17
DA:50,17
DA:51,17
DA:52,16
DA:53,16
DA:54,7
DA:55,7
DA:56,17
DA:57,1
DA:58,1
DA:59,17
DA:60,17
DA:61,17
DA:62,17
DA:63,14
DA:64,14
DA:65,17
DA:66,0
DA:67,0
DA:68,17
DA:69,17
DA:70,17
LF:70
LH:68
BRDA:1,0,0,27
BRDA:15,1,0,17
BRDA:16,2,0,2
BRDA:27,3,0,579
BRDA:30,4,0,9874
BRDA:31,5,0,4036
BRDA:32,6,0,5838
BRDA:32,7,0,579
BRDA:32,8,0,33
BRDA:33,9,0,5838
BRDA:33,10,0,48
BRDA:33,11,0,48
BRDA:37,12,0,5838
BRDA:38,13,0,417
BRDA:38,14,0,5421
BRDA:40,15,0,0
BRDA:42,16,0,48
BRDA:51,17,0,16
BRDA:53,18,0,7
BRDA:56,19,0,1
BRDA:62,20,0,14
BRDA:65,21,0,0
BRF:22
BRH:20
end_of_record
TN:
SF:lib/report/util.js
FN:55,filterReport
FN:93,moduleList
FN:161,getScoreColor
FN:210,shortVulnerabilityList
FN:243,moduleSort
FN:254,severityMeter
FN:263,severityText
FN:268,severityTextLabel
FNF:8
FNH:7
FNDA:28,filterReport
FNDA:34,moduleList
FNDA:82,getScoreColor
FNDA:3,shortVulnerabilityList
FNDA:51,moduleSort
FNDA:85,severityMeter
FNDA:0,severityText
FNDA:82,severityTextLabel
DA:1,27
DA:2,27
DA:3,27
DA:4,27
DA:5,27
DA:6,27
DA:7,27
DA:8,27
DA:9,27
DA:10,27
DA:11,27
DA:12,27
DA:13,27
DA:14,27
DA:15,27
DA:16,27
DA:17,27
DA:18,27
DA:19,27
DA:20,27
DA:21,27
DA:22,27
DA:23,27
DA:24,27
DA:25,27
DA:26,27
DA:27,27
DA:28,27
DA:29,27
DA:30,27
DA:31,27
DA:32,27
DA:33,27
DA:34,27
DA:35,27
DA:36,27
DA:37,27
DA:38,27
DA:39,27
DA:40,27
DA:41,27
DA:42,27
DA:43,27
DA:44,27
DA:45,27
DA:46,27
DA:47,27
DA:48,27
DA:49,27
DA:50,27
DA:51,27
DA:52,27
DA:53,27
DA:54,27
DA:55,28
DA:56,28
DA:57,28
DA:58,28
DA:59,28
DA:60,4
DA:61,28
DA:62,0
DA:63,0
DA:64,28
DA:65,28
DA:66,28
DA:67,518
DA:68,518
DA:69,518
DA:70,518
DA:71,105
DA:72,105
DA:73,518
DA:74,407
DA:75,0
DA:76,0
DA:77,407
DA:78,407
DA:79,407
DA:80,44
DA:81,407
DA:82,407
DA:83,379
DA:84,379
DA:85,407
DA:86,34
DA:87,34
DA:88,34
DA:89,28
DA:90,28
DA:91,28
DA:92,27
DA:93,34
DA:94,34
DA:95,34
DA:96,34
DA:97,34
DA:98,34
DA:99,34
DA:100,28
DA:101,28
DA:102,9
DA:103,9
DA:104,28
DA:105,25
DA:106,25
DA:107,25
DA:108,25
DA:109,25
DA:110,82
DA:111,82
DA:112,82
DA:113,82
DA:114,82
DA:115,82
DA:116,82
DA:117,0
DA:118,0
DA:119,0
DA:120,82
DA:121,82
DA:122,82
DA:123,82
DA:124,82
DA:125,82
DA:126,82
DA:127,82
DA:128,82
DA:129,82
DA:130,82
DA:131,82
DA:132,82
DA:133,82
DA:134,82
DA:135,82
DA:136,82
DA:137,82
DA:138,167
DA:139,40
DA:140,40
DA:141,40
DA:142,40
DA:143,40
DA:144,167
DA:145,82
DA:146,82
DA:147,82
DA:148,82
DA:149,82
DA:150,82
DA:151,82
DA:152,82
DA:153,82
DA:154,82
DA:155,82
DA:156,82
DA:157,82
DA:158,82
DA:159,82
DA:160,82
DA:161,82
DA:162,82
DA:163,82
DA:164,65
DA:165,65
DA:166,82
DA:167,82
DA:168,82
DA:169,82
DA:170,82
DA:171,82
DA:172,82
DA:173,82
DA:174,82
DA:175,82
DA:176,82
DA:177,82
DA:178,82
DA:179,82
DA:180,82
DA:181,82
DA:182,82
DA:183,82
DA:184,0
DA:185,0
DA:186,0
DA:187,0
DA:188,0
DA:189,0
DA:190,0
DA:191,0
DA:192,0
DA:193,0
DA:194,0
DA:195,0
DA:196,0
DA:197,0
DA:198,0
DA:199,82
DA:200,82
DA:201,82
DA:202,25
DA:203,25
DA:204,82
DA:205,82
DA:206,82
DA:207,25
DA:208,34
DA:209,27
DA:210,3
DA:211,3
DA:212,3
DA:213,3
DA:214,3
DA:215,3
DA:216,3
DA:217,3
DA:218,3
DA:219,3
DA:220,3
DA:221,3
DA:222,0
DA:223,0
DA:224,0
DA:225,3
DA:226,3
DA:227,3
DA:228,3
DA:229,3
DA:230,3
DA:231,0
DA:232,3
DA:233,3
DA:234,3
DA:235,3
DA:236,3
DA:237,3
DA:238,3
DA:239,3
DA:240,3
DA:241,3
DA:242,27
DA:243,51
DA:244,51
DA:245,2854
DA:246,2853
DA:247,2853
DA:248,2851
DA:249,31
DA:250,51
DA:251,51
DA:252,51
DA:253,27
DA:254,85
DA:255,85
DA:256,85
DA:257,85
DA:258,85
DA:259,85
DA:260,85
DA:261,85
DA:262,27
DA:263,0
DA:264,0
DA:265,0
DA:266,0
DA:267,27
DA:268,82
DA:269,82
DA:270,82
DA:271,82
DA:272,82
DA:273,82
DA:274,82
DA:275,82
DA:276,82
DA:277,82
DA:278,82
LF:278
LH:248
BRDA:1,0,0,27
BRDA:55,1,0,28
BRDA:58,2,0,22
BRDA:59,3,0,4
BRDA:61,4,0,0
BRDA:66,5,0,518
BRDA:70,6,0,111
BRDA:70,7,0,105
BRDA:73,8,0,413
BRDA:73,9,0,80
BRDA:73,10,0,407
BRDA:74,11,0,0
BRDA:82,12,0,379
BRDA:86,13,0,34
BRDA:68,14,0,8680
BRDA:68,15,0,518
BRDA:79,16,0,418
BRDA:79,17,0,44
BRDA:93,18,0,34
BRDA:99,19,0,28
BRDA:101,20,0,9
BRDA:105,21,0,25
BRDA:109,22,0,82
BRDA:116,23,0,0
BRDA:125,24,0,72
BRDA:126,25,0,10
BRDA:129,26,0,0
BRDA:132,27,0,66
BRDA:133,28,0,16
BRDA:137,29,0,167
BRDA:138,30,0,40
BRDA:139,31,0,0
BRDA:140,32,0,13
BRDA:141,33,0,9
BRDA:142,34,0,18
BRDA:147,35,0,42
BRDA:148,36,0,40
BRDA:149,37,0,0
BRDA:150,38,0,13
BRDA:150,39,0,69
BRDA:151,40,0,9
BRDA:151,41,0,73
BRDA:152,42,0,18
BRDA:152,43,0,64
BRDA:157,44,0,52
BRDA:157,45,0,30
BRDA:181,46,0,0
BRDA:183,47,0,0
BRDA:201,48,0,25
BRDA:146,49,0,328
BRDA:161,50,0,82
BRDA:162,51,0,17
BRDA:163,52,0,65
BRDA:164,53,0,52
BRDA:165,54,0,13
BRDA:179,55,0,410
BRDA:210,56,0,3
BRDA:220,57,0,0
BRDA:221,58,0,0
BRDA:229,59,0,0
BRDA:230,60,0,0
BRDA:243,61,0,51
BRDA:244,62,0,2854
BRDA:245,63,0,625
BRDA:246,64,0,2853
BRDA:246,65,0,2229
BRDA:246,66,0,2851
BRDA:246,67,0,480
BRDA:247,68,0,1749
BRDA:247,69,0,512
BRDA:248,70,0,2851
BRDA:248,71,0,1237
BRDA:248,72,0,1206
BRDA:249,73,0,31
BRDA:254,74,0,85
BRDA:268,75,0,82
BRDA:276,76,0,17
BRDA:276,77,0,65
BRF:78
BRH:66
end_of_record
TN:
SF:lib/report/whitelist.js
FN:14,whitelistReport
FNF:1
FNH:1
FNDA:2,whitelistReport
DA:1,27
DA:2,27
DA:3,27
DA:4,27
DA:5,27
DA:6,27
DA:7,27
DA:8,27
DA:9,27
DA:10,27
DA:11,27
DA:12,27
DA:13,27
DA:14,2
DA:15,2
DA:16,2
DA:17,2
DA:18,2
DA:19,0
DA:20,0
DA:21,0
DA:22,2
DA:23,2
DA:24,2
DA:25,2
DA:26,2
DA:27,2
DA:28,2
LF:28
LH:25
BRDA:1,0,0,27
BRDA:14,1,0,2
BRDA:18,2,0,0
BRF:3
BRH:2
end_of_record
